[04-01 22:05:11]: [INFO] Created column 'regdate' and set the current timestamp, 1617289511296, to all 0 rows
[04-01 22:05:11]: [INFO] SQLite Setup finished
[04-01 22:05:11]: [INFO] Hooked into Vault!
[04-01 22:05:11]: [INFO] Hooked successfully into Essentials
[04-01 22:05:11]: [WARN] Could not download GeoLiteAPI database [UnknownHostException]: geolite.maxmind.com
[04-01 22:05:11]: java.net.UnknownHostException: geolite.maxmind.com
	at java.base/sun.nio.ch.NioSocketImpl.connect(NioSocketImpl.java:567)
	at java.base/java.net.Socket.connect(Socket.java:648)
	at java.base/sun.net.NetworkClient.doConnect(NetworkClient.java:177)
	at java.base/sun.net.www.http.HttpClient.openServer(HttpClient.java:474)
	at java.base/sun.net.www.http.HttpClient.openServer(HttpClient.java:569)
	at java.base/sun.net.www.http.HttpClient.<init>(HttpClient.java:242)
	at java.base/sun.net.www.http.HttpClient.New(HttpClient.java:341)
	at java.base/sun.net.www.http.HttpClient.New(HttpClient.java:362)
	at java.base/sun.net.www.protocol.http.HttpURLConnection.getNewHttpClient(HttpURLConnection.java:1261)
	at java.base/sun.net.www.protocol.http.HttpURLConnection.plainConnect0(HttpURLConnection.java:1194)
	at java.base/sun.net.www.protocol.http.HttpURLConnection.plainConnect(HttpURLConnection.java:1082)
	at java.base/sun.net.www.protocol.http.HttpURLConnection.connect(HttpURLConnection.java:1016)
	at fr.xephi.authme.service.GeoIpService$1.run(GeoIpService.java:93)
	at java.base/java.lang.Thread.run(Thread.java:832)

[04-01 22:05:11]: [WARN] WARNING! The protectInventory feature requires ProtocolLib! Disabling it...
[04-01 22:05:11]: [INFO] Development builds are available on our jenkins, thanks to f14stelt.
[04-01 22:05:11]: [INFO] Do you want a good game server? Look at our sponsor GameHosting.it leader in Italy as Game Server Provider!
[04-01 22:05:11]: [INFO] AuthMe 5.4.0 build n.1877 correctly enabled!
[04-01 22:05:27]: [INFO] AuthMe 5.4.0-b1877 disabled!
[04-01 22:05:28]: [INFO] Connection arguments loaded, Hikari ConnectionPool ready!
[04-01 22:05:28]: [INFO] MySQL setup finished
[04-01 22:05:28]: [INFO] Hooked into Vault!
[04-01 22:05:28]: [WARN] Could not download GeoLiteAPI database [UnknownHostException]: geolite.maxmind.com
[04-01 22:05:28]: java.net.UnknownHostException: geolite.maxmind.com
	at java.base/sun.nio.ch.NioSocketImpl.connect(NioSocketImpl.java:567)
	at java.base/java.net.Socket.connect(Socket.java:648)
	at java.base/sun.net.NetworkClient.doConnect(NetworkClient.java:177)
	at java.base/sun.net.www.http.HttpClient.openServer(HttpClient.java:474)
	at java.base/sun.net.www.http.HttpClient.openServer(HttpClient.java:569)
	at java.base/sun.net.www.http.HttpClient.<init>(HttpClient.java:242)
	at java.base/sun.net.www.http.HttpClient.New(HttpClient.java:341)
	at java.base/sun.net.www.http.HttpClient.New(HttpClient.java:362)
	at java.base/sun.net.www.protocol.http.HttpURLConnection.getNewHttpClient(HttpURLConnection.java:1261)
	at java.base/sun.net.www.protocol.http.HttpURLConnection.plainConnect0(HttpURLConnection.java:1194)
	at java.base/sun.net.www.protocol.http.HttpURLConnection.plainConnect(HttpURLConnection.java:1082)
	at java.base/sun.net.www.protocol.http.HttpURLConnection.connect(HttpURLConnection.java:1016)
	at fr.xephi.authme.service.GeoIpService$1.run(GeoIpService.java:93)
	at java.base/java.lang.Thread.run(Thread.java:832)

[04-01 22:05:28]: [INFO] Hooked successfully into Essentials
[04-01 22:05:28]: [WARN] WARNING! The protectInventory feature requires ProtocolLib! Disabling it...
[04-01 22:05:28]: [INFO] Development builds are available on our jenkins, thanks to f14stelt.
[04-01 22:05:28]: [INFO] Do you want a good game server? Look at our sponsor GameHosting.it leader in Italy as Game Server Provider!
[04-01 22:05:28]: [INFO] AuthMe 5.4.0 build n.1877 correctly enabled!
[04-01 22:05:40]: [FINE] Wissarut registered 172.16.4.106
[04-01 22:05:40]: [FINE] Wissarut logged in!
